#
# A fatal error has been detected by the Java Runtime Environment:
#
#  Internal Error (classFileParser.cpp:3174), pid=4064, tid=324
#  Error: ShouldNotReachHere()
#
# JRE version: 6.0_18-b07
# Java VM: Java HotSpot(TM) Client VM (16.0-b13 mixed mode windows-x86 )
# If you would like to submit a bug report, please visit:
#   http://java.sun.com/webapps/bugreport/crash.jsp
#

---------------  T H R E A D  ---------------

Current thread (0x00846c00):  JavaThread "Unknown thread" [_thread_in_vm, id=324, stack(0x008d0000,0x00920000)]

Stack: [0x008d0000,0x00920000],  sp=0x0091f8ac,  free space=13e0091f8bck
Native frames: (J=compiled Java code, j=interpreted, Vv=VM code, C=native code)
V  [jvm.dll+0x1f4000]
V  [jvm.dll+0xa1d79]
V  [jvm.dll+0x74ab1]
V  [jvm.dll+0x76154]
V  [jvm.dll+0x1c2395]
V  [jvm.dll+0x1c2acd]
V  [jvm.dll+0x1c2e85]
V  [jvm.dll+0x1c2ecb]
V  [jvm.dll+0x1c2ff2]
V  [jvm.dll+0x1c306a]
V  [jvm.dll+0x1c351d]
V  [jvm.dll+0x1c3922]
V  [jvm.dll+0x1e3ed3]
V  [jvm.dll+0x1e42ac]
V  [jvm.dll+0xd88c1]
V  [jvm.dll+0x1ddae8]
V  [jvm.dll+0x1030a0]
C  [javaw.exe+0x1657]
C  [javaw.exe+0x1e2c]
C  [javaw.exe+0x8614]
C  [kernel32.dll+0xb729]


---------------  P R O C E S S  ---------------

Java Threads: ( => current thread )

Other Threads:

=>0x00846c00 (exited) JavaThread "Unknown thread" [_thread_in_vm, id=324, stack(0x008d0000,0x00920000)]

VM state:not at safepoint (not fully initialized)

VM Mutex/Monitor currently owned by a thread: None

Dynamic libraries:
0x00400000 - 0x00424000 	D:\jdk\bin\javaw.exe
0x7c920000 - 0x7c9b6000 	D:\WINDOWS\system32\ntdll.dll
0x7c800000 - 0x7c91e000 	D:\WINDOWS\system32\kernel32.dll
0x77da0000 - 0x77e49000 	D:\WINDOWS\system32\ADVAPI32.dll
0x77e50000 - 0x77ee3000 	D:\WINDOWS\system32\RPCRT4.dll
0x77fc0000 - 0x77fd1000 	D:\WINDOWS\system32\Secur32.dll
0x77d10000 - 0x77da0000 	D:\WINDOWS\system32\USER32.dll
0x77ef0000 - 0x77f39000 	D:\WINDOWS\system32\GDI32.dll
0x76300000 - 0x7631d000 	D:\WINDOWS\system32\IMM32.DLL
0x62c20000 - 0x62c29000 	D:\WINDOWS\system32\LPK.DLL
0x73fa0000 - 0x7400b000 	D:\WINDOWS\system32\USP10.dll
0x7c340000 - 0x7c396000 	D:\jdk\jre\bin\msvcr71.dll
0x6d8b0000 - 0x6db47000 	D:\jdk\jre\bin\client\jvm.dll
0x76b10000 - 0x76b3a000 	D:\WINDOWS\system32\WINMM.dll
0x6d860000 - 0x6d86c000 	D:\jdk\jre\bin\verify.dll
0x6d3e0000 - 0x6d3ff000 	D:\jdk\jre\bin\java.dll
0x6d340000 - 0x6d348000 	D:\jdk\jre\bin\hpi.dll
0x76bc0000 - 0x76bcb000 	D:\WINDOWS\system32\PSAPI.DLL
0x6d430000 - 0x6d459000 	D:\jdk\jre\bin\jdwp.dll
0x6d750000 - 0x6d756000 	D:\jdk\jre\bin\npt.dll
0x6d8a0000 - 0x6d8af000 	D:\jdk\jre\bin\zip.dll

VM Arguments:
jvm_args: -agentlib:jdwp=transport=dt_socket,suspend=y,address=localhost:4885 -Dfile.encoding=UTF-8 -Xbootclasspath:F:\android\sdk\platforms\android-1.6\android.jar 
java_command: com.k99k.tools.encrypter.Encrypter
Launcher Type: SUN_STANDARD

Environment Variables:
JAVA_HOME=d:\jdk
CLASSPATH=.;D:\JDK\LIB;D:\Java\jre6\lib\ext\QTJava.zip
PATH=D:\jdk\jre\bin;D:\WINDOWS\system32;D:\WINDOWS;D:\WINDOWS\System32\Wbem;D:\Program Files\Intel\WiFi\bin\;g:\links;d:\jdk\bin;F:\tools\maven\bin;F:\android\sdk\tools;D:\Program Files\Microsoft SQL Server\80\Tools\BINN;F:\fmpp\bin\;D:\Program Files\Pure Codec\QTSystem\;F:\tools\mongodb\bin\;F:\Graphviz\bin;F:\google_appengine\
USERNAME=keel
OS=Windows_NT
PROCESSOR_IDENTIFIER=x86 Family 6 Model 23 Stepping 6, GenuineIntel



---------------  S Y S T E M  ---------------

OS: Windows XP Build 2600 Service Pack 3

CPU:total 2 (2 cores per cpu, 1 threads per core) family 6 model 23 stepping 6, cmov, cx8, fxsr, mmx, sse, sse2, sse3, ssse3, sse4.1

Memory: 4k page, physical 2023376k(370788k free), swap 3961052k(2337024k free)

vm_info: Java HotSpot(TM) Client VM (16.0-b13) for windows-x86 JRE (1.6.0_18-b07), built on Dec 17 2009 13:35:55 by "java_re" with MS VC++ 7.1 (VS2003)

time: Sun Dec 26 22:03:02 2010
elapsed time: 0 seconds

